<?xml version="1.0" encoding="UTF-8"?>
<!-- Generated by org.testng.reporters.JUnitReportReporter -->
<testsuite hostname="SHREEKANTM" name="testCases.Tests" tests="4" failures="0" timestamp="2 Jun 2016 09:52:16 GMT" time="11.804" errors="0">
  <testcase name="testProductSearch" time="1.670" classname="testCases.Tests"/>
  <testcase name="testLogin" time="5.305" classname="testCases.Tests"/>
  <testcase name="testCheckout" time="3.916" classname="testCases.Tests"/>
  <testcase name="testLogout" time="0.913" classname="testCases.Tests"/>
</testsuite> <!-- testCases.Tests -->
