<?xml version="1.0" encoding="UTF-8"?>
<!-- Generated by org.testng.reporters.JUnitReportReporter -->
<testsuite hostname="SHREEKANTM" name="testCases.ExecuteTest" tests="2" failures="0" timestamp="2 Jun 2016 08:20:44 GMT" time="8.065" errors="0">
  <testcase name="testLogin" time="7.823" classname="testCases.ExecuteTest"/>
  <testcase name="testLogout" time="0.242" classname="testCases.ExecuteTest"/>
</testsuite> <!-- testCases.ExecuteTest -->
